0 info it worked if it ends with ok
1 verbose cli [ '/Users/izaakschroeder/.nvm/versions/node/v5.0.0/bin/node',
1 verbose cli   '/Users/izaakschroeder/.nvm/versions/node/v5.0.0/bin/npm',
1 verbose cli   'run',
1 verbose cli   'spec' ]
2 info using npm@3.3.6
3 info using node@v5.0.0
4 verbose run-script [ 'prespec', 'spec', 'postspec' ]
5 info lifecycle s3-glob@0.2.0~prespec: s3-glob@0.2.0
6 silly lifecycle s3-glob@0.2.0~prespec: no script for prespec, continuing
7 info lifecycle s3-glob@0.2.0~spec: s3-glob@0.2.0
8 verbose lifecycle s3-glob@0.2.0~spec: unsafe-perm in lifecycle true
9 verbose lifecycle s3-glob@0.2.0~spec: PATH: /Users/izaakschroeder/.nvm/versions/node/v5.0.0/lib/node_modules/npm/bin/node-gyp-bin:/Users/izaakschroeder/Projects/s3-glob/node_modules/.bin:/Users/izaakschroeder/.bin:/Users/izaakschroeder/.brew/bin:/Users/izaakschroeder/.nvm/versions/node/v5.0.0/bin:/usr/local/bin:/usr/bin:/bin:/usr/sbin:/sbin
10 verbose lifecycle s3-glob@0.2.0~spec: CWD: /Users/izaakschroeder/Projects/s3-glob
11 silly lifecycle s3-glob@0.2.0~spec: Args: [ '-c',
11 silly lifecycle   'NODE_ENV=test ./node_modules/.bin/_mocha -r test/helpers/chai.js --compilers js:babel-core/register -R spec test/spec' ]
12 silly lifecycle s3-glob@0.2.0~spec: Returned: code: 2  signal: null
13 info lifecycle s3-glob@0.2.0~spec: Failed to exec spec script
14 verbose stack Error: s3-glob@0.2.0 spec: `NODE_ENV=test ./node_modules/.bin/_mocha -r test/helpers/chai.js --compilers js:babel-core/register -R spec test/spec`
14 verbose stack Exit status 2
14 verbose stack     at EventEmitter.<anonymous> (/Users/izaakschroeder/.nvm/versions/node/v5.0.0/lib/node_modules/npm/lib/utils/lifecycle.js:233:16)
14 verbose stack     at emitTwo (events.js:87:13)
14 verbose stack     at EventEmitter.emit (events.js:172:7)
14 verbose stack     at ChildProcess.<anonymous> (/Users/izaakschroeder/.nvm/versions/node/v5.0.0/lib/node_modules/npm/lib/utils/spawn.js:24:14)
14 verbose stack     at emitTwo (events.js:87:13)
14 verbose stack     at ChildProcess.emit (events.js:172:7)
14 verbose stack     at maybeClose (internal/child_process.js:818:16)
14 verbose stack     at Process.ChildProcess._handle.onexit (internal/child_process.js:211:5)
15 verbose pkgid s3-glob@0.2.0
16 verbose cwd /Users/izaakschroeder/Projects/s3-glob
17 error Darwin 15.2.0
18 error argv "/Users/izaakschroeder/.nvm/versions/node/v5.0.0/bin/node" "/Users/izaakschroeder/.nvm/versions/node/v5.0.0/bin/npm" "run" "spec"
19 error node v5.0.0
20 error npm  v3.3.6
21 error code ELIFECYCLE
22 error s3-glob@0.2.0 spec: `NODE_ENV=test ./node_modules/.bin/_mocha -r test/helpers/chai.js --compilers js:babel-core/register -R spec test/spec`
22 error Exit status 2
23 error Failed at the s3-glob@0.2.0 spec script 'NODE_ENV=test ./node_modules/.bin/_mocha -r test/helpers/chai.js --compilers js:babel-core/register -R spec test/spec'.
23 error This is most likely a problem with the s3-glob package,
23 error not with npm itself.
23 error Tell the author that this fails on your system:
23 error     NODE_ENV=test ./node_modules/.bin/_mocha -r test/helpers/chai.js --compilers js:babel-core/register -R spec test/spec
23 error You can get their info via:
23 error     npm owner ls s3-glob
23 error There is likely additional logging output above.
24 verbose exit [ 1, true ]
